<?xml version="1.0" encoding="UTF-8"?>
<!-- Generated by org.testng.reporters.JUnitReportReporter -->
<testsuite hostname="Harish" failures="0" tests="11" name="com.UrbanLadder.Runner.AllTestcases" time="804.825" errors="0" timestamp="2021-09-25T20:19:24 IST" skipped="0">
  <testcase classname="com.UrbanLadder.Runner.AllTestcases" name="SearchForItem" time="39.366"/>
  <system-out/>
  <testcase classname="com.UrbanLadder.Runner.AllTestcases" name="GetCities" time="38.556"/>
  <system-out/>
  <testcase classname="com.UrbanLadder.Runner.AllTestcases" name="TvPrice" time="62.717"/>
  <system-out/>
  <testcase classname="com.UrbanLadder.Runner.AllTestcases" name="GetTwitterFollowers" time="50.883"/>
  <system-out/>
  <testcase classname="com.UrbanLadder.Runner.AllTestcases" name="VerifyGiftCard" time="108.144"/>
  <system-out/>
  <testcase classname="com.UrbanLadder.Runner.AllTestcases" name="CheckoutItem" time="67.172"/>
  <system-out/>
  <testcase classname="com.UrbanLadder.Runner.AllTestcases" name="ChatSupportCkeck" time="91.395"/>
  <system-out/>
  <testcase classname="com.UrbanLadder.Runner.AllTestcases" name="NoOfLinksinStoresPage" time="121.292"/>
  <system-out/>
  <testcase classname="com.UrbanLadder.Runner.AllTestcases" name="TrackOrder" time="91.326"/>
  <system-out/>
  <testcase classname="com.UrbanLadder.Runner.AllTestcases" name="TrackOrder" time="83.777"/>
  <system-out/>
  <testcase classname="com.UrbanLadder.Runner.AllTestcases" name="SelectRecommendations" time="50.197"/>
  <system-out/>
</testsuite> <!-- com.UrbanLadder.Runner.AllTestcases -->
